<?xml version="1.0" encoding="UTF-8"?>
<!-- Generated by org.testng.reporters.JUnitXMLReporter -->
<testsuite ignored="0" hostname="intel" failures="0" tests="4" name="SaucedemoTestFirefoxDriver" time="46.964" errors="0" timestamp="2022-02-17T12:47:49 IST">
  <testcase classname="tests.TestNG1" name="test1" time="0.826"/>
  <testcase classname="tests.TestNG_practicse" name="test1" time="1.965"/>
  <testcase classname="tests.TestNG1" name="test2" time="1.049"/>
  <testcase classname="tests.TestNG_practicse" name="test2" time="1.832"/>
</testsuite> <!-- SaucedemoTestFirefoxDriver -->
