<?xml version="1.0" encoding="UTF-8"?>
<!-- Generated by org.testng.reporters.JUnitXMLReporter -->
<testsuite ignored="0" hostname="intel" failures="0" tests="4" name="SaucedemoTestFirefoxDriver" time="43.46" errors="0" timestamp="2022-02-13T15:52:33 IST">
  <testcase classname="tests.TestNG1" name="test1" time="0.66"/>
  <testcase classname="tests.TestNG_practicse" name="test1" time="0.556"/>
  <testcase classname="tests.TestNG1" name="test2" time="0.87"/>
  <testcase classname="tests.TestNG_practicse" name="test2" time="2.474"/>
</testsuite> <!-- SaucedemoTestFirefoxDriver -->
