<?xml version="1.0" encoding="UTF-8"?>
<!-- Generated by org.testng.reporters.JUnitXMLReporter -->
<testsuite ignored="0" hostname="intel" failures="0" tests="4" name="SaucedemoTestChrome" time="28.322" errors="0" timestamp="2022-02-17T12:47:02 IST">
  <testcase classname="tests.TestNG1" name="test1" time="1.052"/>
  <testcase classname="tests.TestNG_practicse" name="test1" time="0.251"/>
  <testcase classname="tests.TestNG1" name="test2" time="0.437"/>
  <testcase classname="tests.TestNG_practicse" name="test2" time="2.832"/>
</testsuite> <!-- SaucedemoTestChrome -->
