<?xml version="1.0" encoding="UTF-8"?>
<!-- Generated by org.testng.reporters.JUnitXMLReporter -->
<testsuite ignored="0" hostname="intel" failures="0" tests="4" name="SaucedemoTestChrome" time="29.142" errors="0" timestamp="2022-02-26T16:48:25 IST">
  <testcase classname="tests.TestNG1" name="test1" time="0.564"/>
  <testcase classname="tests.TestNG_practicse" name="test1" time="0.186"/>
  <testcase classname="tests.TestNG1" name="test2" time="1.705"/>
  <testcase classname="tests.TestNG_practicse" name="test2" time="2.249"/>
</testsuite> <!-- SaucedemoTestChrome -->
