<?xml version="1.0" encoding="UTF-8"?>
<testng-results ignored="0" total="8" passed="8" failed="0" skipped="0">
  <reporter-output>
  </reporter-output>
  <suite started-at="2022-02-17T12:46:34 IST" name="SaucedemoSuite" finished-at="2022-02-17T12:47:49 IST" duration-ms="75344">
    <groups>
    </groups>
    <test started-at="2022-02-17T12:46:34 IST" name="SaucedemoTestChrome" finished-at="2022-02-17T12:47:02 IST" duration-ms="28322">
      <class name="tests.TestNG1">
        <test-method is-config="true" signature="beforeTest(java.lang.String)[pri:0, instance:tests.TestNG1@323b36e0]" started-at="2022-02-17T12:46:34 IST" name="beforeTest" finished-at="2022-02-17T12:46:37 IST" duration-ms="2994" status="PASS">
          <params>
            <param index="0">
              <value>
                <![CDATA[chrome]]>
              </value>
            </param>
          </params>
          <reporter-output>
          </reporter-output>
        </test-method> <!-- beforeTest -->
        <test-method is-config="true" signature="beforeClass()[pri:0, instance:tests.TestNG1@323b36e0]" started-at="2022-02-17T12:46:40 IST" name="beforeClass" finished-at="2022-02-17T12:46:40 IST" duration-ms="115" status="PASS">
          <reporter-output>
          </reporter-output>
        </test-method> <!-- beforeClass -->
        <test-method is-config="true" signature="beforeMethod()[pri:0, instance:tests.TestNG1@323b36e0]" started-at="2022-02-17T12:46:40 IST" name="beforeMethod" finished-at="2022-02-17T12:46:45 IST" duration-ms="4389" status="PASS">
          <reporter-output>
          </reporter-output>
        </test-method> <!-- beforeMethod -->
        <test-method signature="test1()[pri:0, instance:tests.TestNG1@323b36e0]" started-at="2022-02-17T12:46:45 IST" name="test1" finished-at="2022-02-17T12:46:46 IST" duration-ms="1052" status="PASS">
          <reporter-output>
          </reporter-output>
        </test-method> <!-- test1 -->
        <test-method is-config="true" signature="logOutFromApllication()[pri:0, instance:tests.TestNG1@323b36e0]" started-at="2022-02-17T12:46:46 IST" name="logOutFromApllication" finished-at="2022-02-17T12:46:46 IST" duration-ms="428" status="PASS">
          <reporter-output>
          </reporter-output>
        </test-method> <!-- logOutFromApllication -->
        <test-method is-config="true" signature="beforeMethod()[pri:0, instance:tests.TestNG1@323b36e0]" started-at="2022-02-17T12:46:46 IST" name="beforeMethod" finished-at="2022-02-17T12:46:47 IST" duration-ms="1223" status="PASS">
          <reporter-output>
          </reporter-output>
        </test-method> <!-- beforeMethod -->
        <test-method signature="test2()[pri:0, instance:tests.TestNG1@323b36e0]" started-at="2022-02-17T12:46:47 IST" name="test2" finished-at="2022-02-17T12:46:48 IST" duration-ms="437" status="PASS">
          <reporter-output>
          </reporter-output>
        </test-method> <!-- test2 -->
        <test-method is-config="true" signature="logOutFromApllication()[pri:0, instance:tests.TestNG1@323b36e0]" started-at="2022-02-17T12:46:48 IST" name="logOutFromApllication" finished-at="2022-02-17T12:46:48 IST" duration-ms="185" status="PASS">
          <reporter-output>
          </reporter-output>
        </test-method> <!-- logOutFromApllication -->
        <test-method is-config="true" signature="closeTab()[pri:0, instance:tests.TestNG1@323b36e0]" started-at="2022-02-17T12:46:48 IST" name="closeTab" finished-at="2022-02-17T12:46:48 IST" duration-ms="0" status="PASS">
          <reporter-output>
          </reporter-output>
        </test-method> <!-- closeTab -->
        <test-method is-config="true" signature="afterTest()[pri:0, instance:tests.TestNG1@323b36e0]" started-at="2022-02-17T12:46:53 IST" name="afterTest" finished-at="2022-02-17T12:46:58 IST" duration-ms="4782" status="PASS">
          <reporter-output>
          </reporter-output>
        </test-method> <!-- afterTest -->
      </class> <!-- tests.TestNG1 -->
      <class name="tests.TestNG_practicse">
        <test-method is-config="true" signature="beforeTest(java.lang.String)[pri:0, instance:tests.TestNG_practicse@3ce1e309]" started-at="2022-02-17T12:46:37 IST" name="beforeTest" finished-at="2022-02-17T12:46:40 IST" duration-ms="3251" status="PASS">
          <params>
            <param index="0">
              <value>
                <![CDATA[chrome]]>
              </value>
            </param>
          </params>
          <reporter-output>
          </reporter-output>
        </test-method> <!-- beforeTest -->
        <test-method is-config="true" signature="beforeClass()[pri:0, instance:tests.TestNG_practicse@3ce1e309]" started-at="2022-02-17T12:46:40 IST" name="beforeClass" finished-at="2022-02-17T12:46:40 IST" duration-ms="115" status="PASS">
          <reporter-output>
          </reporter-output>
        </test-method> <!-- beforeClass -->
        <test-method is-config="true" signature="beforeMethod()[pri:0, instance:tests.TestNG_practicse@3ce1e309]" started-at="2022-02-17T12:46:40 IST" name="beforeMethod" finished-at="2022-02-17T12:46:47 IST" duration-ms="6951" status="PASS">
          <reporter-output>
          </reporter-output>
        </test-method> <!-- beforeMethod -->
        <test-method signature="test1()[pri:0, instance:tests.TestNG_practicse@3ce1e309]" started-at="2022-02-17T12:46:47 IST" name="test1" finished-at="2022-02-17T12:46:48 IST" duration-ms="251" status="PASS">
          <reporter-output>
          </reporter-output>
        </test-method> <!-- test1 -->
        <test-method is-config="true" signature="logOutFromApllication(org.testng.ITestResult)[pri:0, instance:tests.TestNG_practicse@3ce1e309]" started-at="2022-02-17T12:46:48 IST" name="logOutFromApllication" finished-at="2022-02-17T12:46:48 IST" duration-ms="230" status="PASS">
          <params>
            <param index="0">
              <value>
                <![CDATA[[TestResult name=test1 status=SUCCESS method=TestNG_practicse.test1()[pri:0, instance:tests.TestNG_practicse@3ce1e309] output={null}]]]>
              </value>
            </param>
          </params>
          <reporter-output>
          </reporter-output>
        </test-method> <!-- logOutFromApllication -->
        <test-method is-config="true" signature="beforeMethod()[pri:0, instance:tests.TestNG_practicse@3ce1e309]" started-at="2022-02-17T12:46:48 IST" name="beforeMethod" finished-at="2022-02-17T12:46:50 IST" duration-ms="2142" status="PASS">
          <reporter-output>
          </reporter-output>
        </test-method> <!-- beforeMethod -->
        <test-method signature="test2()[pri:0, instance:tests.TestNG_practicse@3ce1e309]" started-at="2022-02-17T12:46:50 IST" name="test2" finished-at="2022-02-17T12:46:53 IST" duration-ms="2832" status="PASS">
          <reporter-output>
          </reporter-output>
        </test-method> <!-- test2 -->
        <test-method is-config="true" signature="logOutFromApllication(org.testng.ITestResult)[pri:0, instance:tests.TestNG_practicse@3ce1e309]" started-at="2022-02-17T12:46:53 IST" name="logOutFromApllication" finished-at="2022-02-17T12:46:53 IST" duration-ms="307" status="PASS">
          <params>
            <param index="0">
              <value>
                <![CDATA[[TestResult name=test2 status=SUCCESS method=TestNG_practicse.test2()[pri:0, instance:tests.TestNG_practicse@3ce1e309] output={null}]]]>
              </value>
            </param>
          </params>
          <reporter-output>
          </reporter-output>
        </test-method> <!-- logOutFromApllication -->
        <test-method is-config="true" signature="closeTab()[pri:0, instance:tests.TestNG_practicse@3ce1e309]" started-at="2022-02-17T12:46:53 IST" name="closeTab" finished-at="2022-02-17T12:46:53 IST" duration-ms="0" status="PASS">
          <reporter-output>
          </reporter-output>
        </test-method> <!-- closeTab -->
        <test-method is-config="true" signature="afterTest()[pri:0, instance:tests.TestNG_practicse@3ce1e309]" started-at="2022-02-17T12:46:58 IST" name="afterTest" finished-at="2022-02-17T12:47:02 IST" duration-ms="4353" status="PASS">
          <reporter-output>
          </reporter-output>
        </test-method> <!-- afterTest -->
      </class> <!-- tests.TestNG_practicse -->
    </test> <!-- SaucedemoTestChrome -->
    <test started-at="2022-02-17T12:47:02 IST" name="SaucedemoTestFirefoxDriver" finished-at="2022-02-17T12:47:49 IST" duration-ms="46964">
      <class name="tests.TestNG1">
        <test-method is-config="true" signature="beforeTest(java.lang.String)[pri:0, instance:tests.TestNG1@4ec4f3a0]" started-at="2022-02-17T12:47:02 IST" name="beforeTest" finished-at="2022-02-17T12:47:11 IST" duration-ms="8971" status="PASS">
          <params>
            <param index="0">
              <value>
                <![CDATA[FirefoxDriver]]>
              </value>
            </param>
          </params>
          <reporter-output>
          </reporter-output>
        </test-method> <!-- beforeTest -->
        <test-method is-config="true" signature="beforeClass()[pri:0, instance:tests.TestNG1@4ec4f3a0]" started-at="2022-02-17T12:47:21 IST" name="beforeClass" finished-at="2022-02-17T12:47:21 IST" duration-ms="14" status="PASS">
          <reporter-output>
          </reporter-output>
        </test-method> <!-- beforeClass -->
        <test-method is-config="true" signature="beforeMethod()[pri:0, instance:tests.TestNG1@4ec4f3a0]" started-at="2022-02-17T12:47:21 IST" name="beforeMethod" finished-at="2022-02-17T12:47:25 IST" duration-ms="4590" status="PASS">
          <reporter-output>
          </reporter-output>
        </test-method> <!-- beforeMethod -->
        <test-method signature="test1()[pri:0, instance:tests.TestNG1@4ec4f3a0]" started-at="2022-02-17T12:47:25 IST" name="test1" finished-at="2022-02-17T12:47:26 IST" duration-ms="826" status="PASS">
          <reporter-output>
          </reporter-output>
        </test-method> <!-- test1 -->
        <test-method is-config="true" signature="logOutFromApllication()[pri:0, instance:tests.TestNG1@4ec4f3a0]" started-at="2022-02-17T12:47:26 IST" name="logOutFromApllication" finished-at="2022-02-17T12:47:27 IST" duration-ms="746" status="PASS">
          <reporter-output>
          </reporter-output>
        </test-method> <!-- logOutFromApllication -->
        <test-method is-config="true" signature="beforeMethod()[pri:0, instance:tests.TestNG1@4ec4f3a0]" started-at="2022-02-17T12:47:27 IST" name="beforeMethod" finished-at="2022-02-17T12:47:29 IST" duration-ms="2290" status="PASS">
          <reporter-output>
          </reporter-output>
        </test-method> <!-- beforeMethod -->
        <test-method signature="test2()[pri:0, instance:tests.TestNG1@4ec4f3a0]" started-at="2022-02-17T12:47:29 IST" name="test2" finished-at="2022-02-17T12:47:30 IST" duration-ms="1049" status="PASS">
          <reporter-output>
          </reporter-output>
        </test-method> <!-- test2 -->
        <test-method is-config="true" signature="logOutFromApllication()[pri:0, instance:tests.TestNG1@4ec4f3a0]" started-at="2022-02-17T12:47:30 IST" name="logOutFromApllication" finished-at="2022-02-17T12:47:31 IST" duration-ms="651" status="PASS">
          <reporter-output>
          </reporter-output>
        </test-method> <!-- logOutFromApllication -->
        <test-method is-config="true" signature="closeTab()[pri:0, instance:tests.TestNG1@4ec4f3a0]" started-at="2022-02-17T12:47:31 IST" name="closeTab" finished-at="2022-02-17T12:47:31 IST" duration-ms="0" status="PASS">
          <reporter-output>
          </reporter-output>
        </test-method> <!-- closeTab -->
        <test-method is-config="true" signature="afterTest()[pri:0, instance:tests.TestNG1@4ec4f3a0]" started-at="2022-02-17T12:47:33 IST" name="afterTest" finished-at="2022-02-17T12:47:42 IST" duration-ms="8670" status="PASS">
          <reporter-output>
          </reporter-output>
        </test-method> <!-- afterTest -->
      </class> <!-- tests.TestNG1 -->
      <class name="tests.TestNG_practicse">
        <test-method is-config="true" signature="beforeTest(java.lang.String)[pri:0, instance:tests.TestNG_practicse@c8c12ac]" started-at="2022-02-17T12:47:11 IST" name="beforeTest" finished-at="2022-02-17T12:47:21 IST" duration-ms="9260" status="PASS">
          <params>
            <param index="0">
              <value>
                <![CDATA[FirefoxDriver]]>
              </value>
            </param>
          </params>
          <reporter-output>
          </reporter-output>
        </test-method> <!-- beforeTest -->
        <test-method is-config="true" signature="beforeClass()[pri:0, instance:tests.TestNG_practicse@c8c12ac]" started-at="2022-02-17T12:47:21 IST" name="beforeClass" finished-at="2022-02-17T12:47:21 IST" duration-ms="49" status="PASS">
          <reporter-output>
          </reporter-output>
        </test-method> <!-- beforeClass -->
        <test-method is-config="true" signature="beforeMethod()[pri:0, instance:tests.TestNG_practicse@c8c12ac]" started-at="2022-02-17T12:47:21 IST" name="beforeMethod" finished-at="2022-02-17T12:47:25 IST" duration-ms="4750" status="PASS">
          <reporter-output>
          </reporter-output>
        </test-method> <!-- beforeMethod -->
        <test-method signature="test1()[pri:0, instance:tests.TestNG_practicse@c8c12ac]" started-at="2022-02-17T12:47:25 IST" name="test1" finished-at="2022-02-17T12:47:27 IST" duration-ms="1965" status="PASS">
          <reporter-output>
          </reporter-output>
        </test-method> <!-- test1 -->
        <test-method is-config="true" signature="logOutFromApllication(org.testng.ITestResult)[pri:0, instance:tests.TestNG_practicse@c8c12ac]" started-at="2022-02-17T12:47:27 IST" name="logOutFromApllication" finished-at="2022-02-17T12:47:29 IST" duration-ms="1316" status="PASS">
          <params>
            <param index="0">
              <value>
                <![CDATA[[TestResult name=test1 status=SUCCESS method=TestNG_practicse.test1()[pri:0, instance:tests.TestNG_practicse@c8c12ac] output={null}]]]>
              </value>
            </param>
          </params>
          <reporter-output>
          </reporter-output>
        </test-method> <!-- logOutFromApllication -->
        <test-method is-config="true" signature="beforeMethod()[pri:0, instance:tests.TestNG_practicse@c8c12ac]" started-at="2022-02-17T12:47:29 IST" name="beforeMethod" finished-at="2022-02-17T12:47:30 IST" duration-ms="1846" status="PASS">
          <reporter-output>
          </reporter-output>
        </test-method> <!-- beforeMethod -->
        <test-method signature="test2()[pri:0, instance:tests.TestNG_practicse@c8c12ac]" started-at="2022-02-17T12:47:30 IST" name="test2" finished-at="2022-02-17T12:47:32 IST" duration-ms="1832" status="PASS">
          <reporter-output>
          </reporter-output>
        </test-method> <!-- test2 -->
        <test-method is-config="true" signature="logOutFromApllication(org.testng.ITestResult)[pri:0, instance:tests.TestNG_practicse@c8c12ac]" started-at="2022-02-17T12:47:32 IST" name="logOutFromApllication" finished-at="2022-02-17T12:47:33 IST" duration-ms="530" status="PASS">
          <params>
            <param index="0">
              <value>
                <![CDATA[[TestResult name=test2 status=SUCCESS method=TestNG_practicse.test2()[pri:0, instance:tests.TestNG_practicse@c8c12ac] output={null}]]]>
              </value>
            </param>
          </params>
          <reporter-output>
          </reporter-output>
        </test-method> <!-- logOutFromApllication -->
        <test-method is-config="true" signature="closeTab()[pri:0, instance:tests.TestNG_practicse@c8c12ac]" started-at="2022-02-17T12:47:33 IST" name="closeTab" finished-at="2022-02-17T12:47:33 IST" duration-ms="1" status="PASS">
          <reporter-output>
          </reporter-output>
        </test-method> <!-- closeTab -->
        <test-method is-config="true" signature="afterTest()[pri:0, instance:tests.TestNG_practicse@c8c12ac]" started-at="2022-02-17T12:47:42 IST" name="afterTest" finished-at="2022-02-17T12:47:49 IST" duration-ms="7743" status="PASS">
          <reporter-output>
          </reporter-output>
        </test-method> <!-- afterTest -->
      </class> <!-- tests.TestNG_practicse -->
    </test> <!-- SaucedemoTestFirefoxDriver -->
  </suite> <!-- SaucedemoSuite -->
</testng-results>
