<?xml version="1.0" encoding="UTF-8"?>
<testng-results ignored="0" total="8" passed="8" failed="0" skipped="0">
  <reporter-output>
  </reporter-output>
  <suite started-at="2022-02-26T16:47:55 IST" name="SaucedemoSuite" finished-at="2022-02-26T16:49:07 IST" duration-ms="71996">
    <groups>
    </groups>
    <test started-at="2022-02-26T16:47:55 IST" name="SaucedemoTestChrome" finished-at="2022-02-26T16:48:25 IST" duration-ms="29142">
      <class name="tests.TestNG1">
        <test-method is-config="true" signature="beforeTest(java.lang.String)[pri:0, instance:tests.TestNG1@323b36e0]" started-at="2022-02-26T16:47:55 IST" name="beforeTest" finished-at="2022-02-26T16:47:59 IST" duration-ms="3886" status="PASS">
          <params>
            <param index="0">
              <value>
                <![CDATA[chrome]]>
              </value>
            </param>
          </params>
          <reporter-output>
          </reporter-output>
        </test-method> <!-- beforeTest -->
        <test-method is-config="true" signature="beforeClass()[pri:0, instance:tests.TestNG1@323b36e0]" started-at="2022-02-26T16:48:02 IST" name="beforeClass" finished-at="2022-02-26T16:48:03 IST" duration-ms="229" status="PASS">
          <reporter-output>
          </reporter-output>
        </test-method> <!-- beforeClass -->
        <test-method is-config="true" signature="beforeMethod()[pri:0, instance:tests.TestNG1@323b36e0]" started-at="2022-02-26T16:48:03 IST" name="beforeMethod" finished-at="2022-02-26T16:48:07 IST" duration-ms="4654" status="PASS">
          <reporter-output>
          </reporter-output>
        </test-method> <!-- beforeMethod -->
        <test-method signature="test1()[pri:0, instance:tests.TestNG1@323b36e0]" started-at="2022-02-26T16:48:07 IST" name="test1" finished-at="2022-02-26T16:48:08 IST" duration-ms="564" status="PASS">
          <reporter-output>
          </reporter-output>
        </test-method> <!-- test1 -->
        <test-method is-config="true" signature="logOutFromApllication(org.testng.ITestResult)[pri:0, instance:tests.TestNG1@323b36e0]" started-at="2022-02-26T16:48:08 IST" name="logOutFromApllication" finished-at="2022-02-26T16:48:08 IST" duration-ms="408" status="PASS">
          <params>
            <param index="0">
              <value>
                <![CDATA[[TestResult name=test1 status=SUCCESS method=TestNG1.test1()[pri:0, instance:tests.TestNG1@323b36e0] output={null}]]]>
              </value>
            </param>
          </params>
          <reporter-output>
          </reporter-output>
        </test-method> <!-- logOutFromApllication -->
        <test-method is-config="true" signature="beforeMethod()[pri:0, instance:tests.TestNG1@323b36e0]" started-at="2022-02-26T16:48:08 IST" name="beforeMethod" finished-at="2022-02-26T16:48:11 IST" duration-ms="2891" status="PASS">
          <reporter-output>
          </reporter-output>
        </test-method> <!-- beforeMethod -->
        <test-method signature="test2()[pri:0, instance:tests.TestNG1@323b36e0]" started-at="2022-02-26T16:48:11 IST" name="test2" finished-at="2022-02-26T16:48:13 IST" duration-ms="1705" status="PASS">
          <reporter-output>
          </reporter-output>
        </test-method> <!-- test2 -->
        <test-method is-config="true" signature="logOutFromApllication(org.testng.ITestResult)[pri:0, instance:tests.TestNG1@323b36e0]" started-at="2022-02-26T16:48:13 IST" name="logOutFromApllication" finished-at="2022-02-26T16:48:13 IST" duration-ms="465" status="PASS">
          <params>
            <param index="0">
              <value>
                <![CDATA[[TestResult name=test2 status=SUCCESS method=TestNG1.test2()[pri:0, instance:tests.TestNG1@323b36e0] output={null}]]]>
              </value>
            </param>
          </params>
          <reporter-output>
          </reporter-output>
        </test-method> <!-- logOutFromApllication -->
        <test-method is-config="true" signature="closeTab()[pri:0, instance:tests.TestNG1@323b36e0]" started-at="2022-02-26T16:48:13 IST" name="closeTab" finished-at="2022-02-26T16:48:13 IST" duration-ms="1" status="PASS">
          <reporter-output>
          </reporter-output>
        </test-method> <!-- closeTab -->
        <test-method is-config="true" signature="afterTest()[pri:0, instance:tests.TestNG1@323b36e0]" started-at="2022-02-26T16:48:16 IST" name="afterTest" finished-at="2022-02-26T16:48:20 IST" duration-ms="4781" status="PASS">
          <reporter-output>
          </reporter-output>
        </test-method> <!-- afterTest -->
      </class> <!-- tests.TestNG1 -->
      <class name="tests.TestNG_practicse">
        <test-method is-config="true" signature="beforeTest(java.lang.String)[pri:0, instance:tests.TestNG_practicse@3ce1e309]" started-at="2022-02-26T16:47:59 IST" name="beforeTest" finished-at="2022-02-26T16:48:02 IST" duration-ms="2932" status="PASS">
          <params>
            <param index="0">
              <value>
                <![CDATA[chrome]]>
              </value>
            </param>
          </params>
          <reporter-output>
          </reporter-output>
        </test-method> <!-- beforeTest -->
        <test-method is-config="true" signature="beforeClass()[pri:0, instance:tests.TestNG_practicse@3ce1e309]" started-at="2022-02-26T16:48:02 IST" name="beforeClass" finished-at="2022-02-26T16:48:03 IST" duration-ms="246" status="PASS">
          <reporter-output>
          </reporter-output>
        </test-method> <!-- beforeClass -->
        <test-method is-config="true" signature="beforeMethod()[pri:0, instance:tests.TestNG_practicse@3ce1e309]" started-at="2022-02-26T16:48:03 IST" name="beforeMethod" finished-at="2022-02-26T16:48:09 IST" duration-ms="6900" status="PASS">
          <reporter-output>
          </reporter-output>
        </test-method> <!-- beforeMethod -->
        <test-method signature="test1()[pri:0, instance:tests.TestNG_practicse@3ce1e309]" started-at="2022-02-26T16:48:09 IST" name="test1" finished-at="2022-02-26T16:48:10 IST" duration-ms="186" status="PASS">
          <reporter-output>
          </reporter-output>
        </test-method> <!-- test1 -->
        <test-method is-config="true" signature="logOutFromApllication(org.testng.ITestResult)[pri:0, instance:tests.TestNG_practicse@3ce1e309]" started-at="2022-02-26T16:48:10 IST" name="logOutFromApllication" finished-at="2022-02-26T16:48:10 IST" duration-ms="201" status="PASS">
          <params>
            <param index="0">
              <value>
                <![CDATA[[TestResult name=test1 status=SUCCESS method=TestNG_practicse.test1()[pri:0, instance:tests.TestNG_practicse@3ce1e309] output={null}]]]>
              </value>
            </param>
          </params>
          <reporter-output>
          </reporter-output>
        </test-method> <!-- logOutFromApllication -->
        <test-method is-config="true" signature="beforeMethod()[pri:0, instance:tests.TestNG_practicse@3ce1e309]" started-at="2022-02-26T16:48:10 IST" name="beforeMethod" finished-at="2022-02-26T16:48:13 IST" duration-ms="3196" status="PASS">
          <reporter-output>
          </reporter-output>
        </test-method> <!-- beforeMethod -->
        <test-method signature="test2()[pri:0, instance:tests.TestNG_practicse@3ce1e309]" started-at="2022-02-26T16:48:13 IST" name="test2" finished-at="2022-02-26T16:48:15 IST" duration-ms="2249" status="PASS">
          <reporter-output>
          </reporter-output>
        </test-method> <!-- test2 -->
        <test-method is-config="true" signature="logOutFromApllication(org.testng.ITestResult)[pri:0, instance:tests.TestNG_practicse@3ce1e309]" started-at="2022-02-26T16:48:15 IST" name="logOutFromApllication" finished-at="2022-02-26T16:48:16 IST" duration-ms="272" status="PASS">
          <params>
            <param index="0">
              <value>
                <![CDATA[[TestResult name=test2 status=SUCCESS method=TestNG_practicse.test2()[pri:0, instance:tests.TestNG_practicse@3ce1e309] output={null}]]]>
              </value>
            </param>
          </params>
          <reporter-output>
          </reporter-output>
        </test-method> <!-- logOutFromApllication -->
        <test-method is-config="true" signature="closeTab()[pri:0, instance:tests.TestNG_practicse@3ce1e309]" started-at="2022-02-26T16:48:16 IST" name="closeTab" finished-at="2022-02-26T16:48:16 IST" duration-ms="1" status="PASS">
          <reporter-output>
          </reporter-output>
        </test-method> <!-- closeTab -->
        <test-method is-config="true" signature="afterTest()[pri:0, instance:tests.TestNG_practicse@3ce1e309]" started-at="2022-02-26T16:48:20 IST" name="afterTest" finished-at="2022-02-26T16:48:25 IST" duration-ms="4219" status="PASS">
          <reporter-output>
          </reporter-output>
        </test-method> <!-- afterTest -->
      </class> <!-- tests.TestNG_practicse -->
    </test> <!-- SaucedemoTestChrome -->
    <test started-at="2022-02-26T16:48:25 IST" name="SaucedemoTestFirefoxDriver" finished-at="2022-02-26T16:49:07 IST" duration-ms="42793">
      <class name="tests.TestNG1">
        <test-method is-config="true" signature="beforeTest(java.lang.String)[pri:0, instance:tests.TestNG1@4ec4f3a0]" started-at="2022-02-26T16:48:25 IST" name="beforeTest" finished-at="2022-02-26T16:48:34 IST" duration-ms="9500" status="PASS">
          <params>
            <param index="0">
              <value>
                <![CDATA[FirefoxDriver]]>
              </value>
            </param>
          </params>
          <reporter-output>
          </reporter-output>
        </test-method> <!-- beforeTest -->
        <test-method is-config="true" signature="beforeClass()[pri:0, instance:tests.TestNG1@4ec4f3a0]" started-at="2022-02-26T16:48:42 IST" name="beforeClass" finished-at="2022-02-26T16:48:42 IST" duration-ms="4" status="PASS">
          <reporter-output>
          </reporter-output>
        </test-method> <!-- beforeClass -->
        <test-method is-config="true" signature="beforeMethod()[pri:0, instance:tests.TestNG1@4ec4f3a0]" started-at="2022-02-26T16:48:42 IST" name="beforeMethod" finished-at="2022-02-26T16:48:47 IST" duration-ms="4421" status="PASS">
          <reporter-output>
          </reporter-output>
        </test-method> <!-- beforeMethod -->
        <test-method signature="test1()[pri:0, instance:tests.TestNG1@4ec4f3a0]" started-at="2022-02-26T16:48:47 IST" name="test1" finished-at="2022-02-26T16:48:47 IST" duration-ms="662" status="PASS">
          <reporter-output>
          </reporter-output>
        </test-method> <!-- test1 -->
        <test-method is-config="true" signature="logOutFromApllication(org.testng.ITestResult)[pri:0, instance:tests.TestNG1@4ec4f3a0]" started-at="2022-02-26T16:48:47 IST" name="logOutFromApllication" finished-at="2022-02-26T16:48:48 IST" duration-ms="1221" status="PASS">
          <params>
            <param index="0">
              <value>
                <![CDATA[[TestResult name=test1 status=SUCCESS method=TestNG1.test1()[pri:0, instance:tests.TestNG1@4ec4f3a0] output={null}]]]>
              </value>
            </param>
          </params>
          <reporter-output>
          </reporter-output>
        </test-method> <!-- logOutFromApllication -->
        <test-method is-config="true" signature="beforeMethod()[pri:0, instance:tests.TestNG1@4ec4f3a0]" started-at="2022-02-26T16:48:48 IST" name="beforeMethod" finished-at="2022-02-26T16:48:51 IST" duration-ms="2104" status="PASS">
          <reporter-output>
          </reporter-output>
        </test-method> <!-- beforeMethod -->
        <test-method signature="test2()[pri:0, instance:tests.TestNG1@4ec4f3a0]" started-at="2022-02-26T16:48:51 IST" name="test2" finished-at="2022-02-26T16:48:52 IST" duration-ms="1070" status="PASS">
          <reporter-output>
          </reporter-output>
        </test-method> <!-- test2 -->
        <test-method is-config="true" signature="logOutFromApllication(org.testng.ITestResult)[pri:0, instance:tests.TestNG1@4ec4f3a0]" started-at="2022-02-26T16:48:52 IST" name="logOutFromApllication" finished-at="2022-02-26T16:48:52 IST" duration-ms="680" status="PASS">
          <params>
            <param index="0">
              <value>
                <![CDATA[[TestResult name=test2 status=SUCCESS method=TestNG1.test2()[pri:0, instance:tests.TestNG1@4ec4f3a0] output={null}]]]>
              </value>
            </param>
          </params>
          <reporter-output>
          </reporter-output>
        </test-method> <!-- logOutFromApllication -->
        <test-method is-config="true" signature="closeTab()[pri:0, instance:tests.TestNG1@4ec4f3a0]" started-at="2022-02-26T16:48:52 IST" name="closeTab" finished-at="2022-02-26T16:48:52 IST" duration-ms="1" status="PASS">
          <reporter-output>
          </reporter-output>
        </test-method> <!-- closeTab -->
        <test-method is-config="true" signature="afterTest()[pri:0, instance:tests.TestNG1@4ec4f3a0]" started-at="2022-02-26T16:48:54 IST" name="afterTest" finished-at="2022-02-26T16:49:01 IST" duration-ms="7332" status="PASS">
          <reporter-output>
          </reporter-output>
        </test-method> <!-- afterTest -->
      </class> <!-- tests.TestNG1 -->
      <class name="tests.TestNG_practicse">
        <test-method is-config="true" signature="beforeTest(java.lang.String)[pri:0, instance:tests.TestNG_practicse@c8c12ac]" started-at="2022-02-26T16:48:34 IST" name="beforeTest" finished-at="2022-02-26T16:48:42 IST" duration-ms="8020" status="PASS">
          <params>
            <param index="0">
              <value>
                <![CDATA[FirefoxDriver]]>
              </value>
            </param>
          </params>
          <reporter-output>
          </reporter-output>
        </test-method> <!-- beforeTest -->
        <test-method is-config="true" signature="beforeClass()[pri:0, instance:tests.TestNG_practicse@c8c12ac]" started-at="2022-02-26T16:48:42 IST" name="beforeClass" finished-at="2022-02-26T16:48:42 IST" duration-ms="3" status="PASS">
          <reporter-output>
          </reporter-output>
        </test-method> <!-- beforeClass -->
        <test-method is-config="true" signature="beforeMethod()[pri:0, instance:tests.TestNG_practicse@c8c12ac]" started-at="2022-02-26T16:48:42 IST" name="beforeMethod" finished-at="2022-02-26T16:48:47 IST" duration-ms="4692" status="PASS">
          <reporter-output>
          </reporter-output>
        </test-method> <!-- beforeMethod -->
        <test-method signature="test1()[pri:0, instance:tests.TestNG_practicse@c8c12ac]" started-at="2022-02-26T16:48:47 IST" name="test1" finished-at="2022-02-26T16:48:48 IST" duration-ms="741" status="PASS">
          <reporter-output>
          </reporter-output>
        </test-method> <!-- test1 -->
        <test-method is-config="true" signature="logOutFromApllication(org.testng.ITestResult)[pri:0, instance:tests.TestNG_practicse@c8c12ac]" started-at="2022-02-26T16:48:48 IST" name="logOutFromApllication" finished-at="2022-02-26T16:48:49 IST" duration-ms="1007" status="PASS">
          <params>
            <param index="0">
              <value>
                <![CDATA[[TestResult name=test1 status=SUCCESS method=TestNG_practicse.test1()[pri:0, instance:tests.TestNG_practicse@c8c12ac] output={null}]]]>
              </value>
            </param>
          </params>
          <reporter-output>
          </reporter-output>
        </test-method> <!-- logOutFromApllication -->
        <test-method is-config="true" signature="beforeMethod()[pri:0, instance:tests.TestNG_practicse@c8c12ac]" started-at="2022-02-26T16:48:49 IST" name="beforeMethod" finished-at="2022-02-26T16:48:51 IST" duration-ms="1965" status="PASS">
          <reporter-output>
          </reporter-output>
        </test-method> <!-- beforeMethod -->
        <test-method signature="test2()[pri:0, instance:tests.TestNG_practicse@c8c12ac]" started-at="2022-02-26T16:48:51 IST" name="test2" finished-at="2022-02-26T16:48:53 IST" duration-ms="2598" status="PASS">
          <reporter-output>
          </reporter-output>
        </test-method> <!-- test2 -->
        <test-method is-config="true" signature="logOutFromApllication(org.testng.ITestResult)[pri:0, instance:tests.TestNG_practicse@c8c12ac]" started-at="2022-02-26T16:48:53 IST" name="logOutFromApllication" finished-at="2022-02-26T16:48:54 IST" duration-ms="540" status="PASS">
          <params>
            <param index="0">
              <value>
                <![CDATA[[TestResult name=test2 status=SUCCESS method=TestNG_practicse.test2()[pri:0, instance:tests.TestNG_practicse@c8c12ac] output={null}]]]>
              </value>
            </param>
          </params>
          <reporter-output>
          </reporter-output>
        </test-method> <!-- logOutFromApllication -->
        <test-method is-config="true" signature="closeTab()[pri:0, instance:tests.TestNG_practicse@c8c12ac]" started-at="2022-02-26T16:48:54 IST" name="closeTab" finished-at="2022-02-26T16:48:54 IST" duration-ms="0" status="PASS">
          <reporter-output>
          </reporter-output>
        </test-method> <!-- closeTab -->
        <test-method is-config="true" signature="afterTest()[pri:0, instance:tests.TestNG_practicse@c8c12ac]" started-at="2022-02-26T16:49:01 IST" name="afterTest" finished-at="2022-02-26T16:49:07 IST" duration-ms="6379" status="PASS">
          <reporter-output>
          </reporter-output>
        </test-method> <!-- afterTest -->
      </class> <!-- tests.TestNG_practicse -->
    </test> <!-- SaucedemoTestFirefoxDriver -->
  </suite> <!-- SaucedemoSuite -->
</testng-results>
