<?xml version="1.0" encoding="UTF-8"?>
<!-- Generated by org.testng.reporters.JUnitXMLReporter -->
<testsuite ignored="0" hostname="intel" failures="2" tests="4" name="Test" time="23.063" errors="0" timestamp="2022-02-10T13:59:21 IST">
  <testcase classname="tests.TestNG1" name="test1" time="0.434">
    <failure type="java.lang.AssertionError" message="The following asserts failed:
	expected [https://www.saucedemo.com/cart.html] but found [Swag Labs]">
      <![CDATA[java.lang.AssertionError: The following asserts failed:
expected [https://www.saucedemo.com/cart.html] but found [Swag Labs]
at tests.TestNG1.test1(TestNG1.java:111)
at java.base/java.util.ArrayList.forEach(ArrayList.java:1511)
... Removed 29 stack frames]]>
    </failure>
  </testcase> <!-- test1 -->
  <testcase classname="tests.TestNG1" name="test2" time="0.375">
    <failure type="java.lang.AssertionError" message="Apply Hard Assertion by Akshay  expected [Swag Labs] but found [https://www.saucedemo.com/cart.html]">
      <![CDATA[java.lang.AssertionError: Apply Hard Assertion by Akshay  expected [Swag Labs] but found [https://www.saucedemo.com/cart.html]
at tests.TestNG1.test2(TestNG1.java:139)
at java.base/java.util.ArrayList.forEach(ArrayList.java:1511)
... Removed 32 stack frames]]>
    </failure>
  </testcase> <!-- test2 -->
  <testcase classname="tests.TestNG2" name="test1" time="0.591"/>
  <testcase classname="tests.TestNG2" name="test2" time="2.668"/>
</testsuite> <!-- Test -->
